<?xml version="1.0" encoding="UTF-8"?>
<testng-results ignored="0" total="1" passed="1" failed="0" skipped="0">
  <reporter-output>
  </reporter-output>
  <suite started-at="2023-03-21T20:48:00 IST" name="Default suite" finished-at="2023-03-21T20:48:04 IST" duration-ms="4276">
    <groups>
    </groups>
    <test started-at="2023-03-21T20:48:00 IST" name="Default test" finished-at="2023-03-21T20:48:04 IST" duration-ms="4276">
      <class name="isDisplayedEnabledSelected.IsDisplayed">
        <test-method is-config="true" signature="beforeTest()[pri:0, instance:isDisplayedEnabledSelected.IsDisplayed@6356695f]" started-at="2023-03-21T20:48:00 IST" name="beforeTest" finished-at="2023-03-21T20:48:01 IST" duration-ms="1827" status="PASS">
          <reporter-output>
          </reporter-output>
        </test-method> <!-- beforeTest -->
        <test-method signature="f()[pri:0, instance:isDisplayedEnabledSelected.IsDisplayed@6356695f]" started-at="2023-03-21T20:48:01 IST" name="f" finished-at="2023-03-21T20:48:04 IST" duration-ms="2420" status="PASS">
          <reporter-output>
          </reporter-output>
        </test-method> <!-- f -->
      </class> <!-- isDisplayedEnabledSelected.IsDisplayed -->
    </test> <!-- Default test -->
  </suite> <!-- Default suite -->
</testng-results>
